<?xml version="1.0" encoding="UTF-8"?>
<!-- Generated by org.testng.reporters.JUnitReportReporter -->
<testsuite skipped="0" hostname="LAPTOP-PV7MIDLB" name="TestClass.LoginPageTest" tests="1" failures="0" timestamp="2021-07-20T03:45:07 IST" time="20.635" errors="0">
  <testcase name="LoginTest" time="20.635" classname="TestClass.LoginPageTest"/>
  <system-out/>
</testsuite> <!-- TestClass.LoginPageTest -->
